{"/Users/shivankar.s/personal/stringTDD/src/shared/util/string.ts": {"path":"/Users/shivankar.s/personal/stringTDD/src/shared/util/string.ts","statementMap":{"0":{"start":{"line":8,"column":19},"end":{"line":41,"column":1}},"1":{"start":{"line":10,"column":2},"end":{"line":10,"column":50}},"2":{"start":{"line":10,"column":41},"end":{"line":10,"column":50}},"3":{"start":{"line":12,"column":2},"end":{"line":40,"column":3}},"4":{"start":{"line":14,"column":25},"end":{"line":14,"column":46}},"5":{"start":{"line":17,"column":28},"end":{"line":17,"column":61}},"6":{"start":{"line":17,"column":55},"end":{"line":17,"column":60}},"7":{"start":{"line":20,"column":4},"end":{"line":24,"column":5}},"8":{"start":{"line":21,"column":6},"end":{"line":23,"column":8}},"9":{"start":{"line":27,"column":19},"end":{"line":29,"column":9}},"10":{"start":{"line":28,"column":6},"end":{"line":28,"column":28}},"11":{"start":{"line":31,"column":4},"end":{"line":31,"column":18}},"12":{"start":{"line":34,"column":18},"end":{"line":34,"column":33}},"13":{"start":{"line":37,"column":4},"end":{"line":37,"column":56}},"14":{"start":{"line":37,"column":32},"end":{"line":37,"column":56}},"15":{"start":{"line":39,"column":4},"end":{"line":39,"column":29}},"16":{"start":{"line":8,"column":13},"end":{"line":8,"column":19}},"17":{"start":{"line":49,"column":28},"end":{"line":92,"column":1}},"18":{"start":{"line":51,"column":2},"end":{"line":51,"column":51}},"19":{"start":{"line":51,"column":41},"end":{"line":51,"column":51}},"20":{"start":{"line":53,"column":27},"end":{"line":53,"column":30}},"21":{"start":{"line":54,"column":18},"end":{"line":54,"column":34}},"22":{"start":{"line":56,"column":2},"end":{"line":91,"column":3}},"23":{"start":{"line":58,"column":4},"end":{"line":65,"column":5}},"24":{"start":{"line":60,"column":32},"end":{"line":60,"column":54}},"25":{"start":{"line":62,"column":6},"end":{"line":62,"column":58}},"26":{"start":{"line":64,"column":6},"end":{"line":64,"column":53}},"27":{"start":{"line":68,"column":4},"end":{"line":68,"column":28}},"28":{"start":{"line":68,"column":18},"end":{"line":68,"column":28}},"29":{"start":{"line":71,"column":4},"end":{"line":73,"column":5}},"30":{"start":{"line":72,"column":6},"end":{"line":72,"column":49}},"31":{"start":{"line":76,"column":25},"end":{"line":76,"column":49}},"32":{"start":{"line":79,"column":19},"end":{"line":86,"column":9}},"33":{"start":{"line":81,"column":6},"end":{"line":83,"column":7}},"34":{"start":{"line":82,"column":8},"end":{"line":82,"column":17}},"35":{"start":{"line":85,"column":6},"end":{"line":85,"column":25}},"36":{"start":{"line":88,"column":4},"end":{"line":88,"column":18}},"37":{"start":{"line":90,"column":4},"end":{"line":90,"column":14}},"38":{"start":{"line":49,"column":13},"end":{"line":49,"column":28}}},"fnMap":{"0":{"name":"(anonymous_0)","decl":{"start":{"line":8,"column":19},"end":{"line":8,"column":20}},"loc":{"start":{"line":8,"column":47},"end":{"line":41,"column":1}}},"1":{"name":"(anonymous_1)","decl":{"start":{"line":17,"column":48},"end":{"line":17,"column":49}},"loc":{"start":{"line":17,"column":55},"end":{"line":17,"column":60}}},"2":{"name":"(anonymous_2)","decl":{"start":{"line":27,"column":39},"end":{"line":27,"column":40}},"loc":{"start":{"line":27,"column":57},"end":{"line":29,"column":5}}},"3":{"name":"(anonymous_3)","decl":{"start":{"line":49,"column":28},"end":{"line":49,"column":29}},"loc":{"start":{"line":49,"column":58},"end":{"line":92,"column":1}}},"4":{"name":"(anonymous_4)","decl":{"start":{"line":79,"column":36},"end":{"line":79,"column":37}},"loc":{"start":{"line":79,"column":42},"end":{"line":86,"column":5}}}},"branchMap":{"0":{"loc":{"start":{"line":10,"column":2},"end":{"line":10,"column":50}},"type":"if","locations":[{"start":{"line":10,"column":2},"end":{"line":10,"column":50}}]},"1":{"loc":{"start":{"line":10,"column":6},"end":{"line":10,"column":39}},"type":"binary-expr","locations":[{"start":{"line":10,"column":6},"end":{"line":10,"column":20}},{"start":{"line":10,"column":24},"end":{"line":10,"column":39}}]},"2":{"loc":{"start":{"line":20,"column":4},"end":{"line":24,"column":5}},"type":"if","locations":[{"start":{"line":20,"column":4},"end":{"line":24,"column":5}}]},"3":{"loc":{"start":{"line":37,"column":4},"end":{"line":37,"column":56}},"type":"if","locations":[{"start":{"line":37,"column":4},"end":{"line":37,"column":56}}]},"4":{"loc":{"start":{"line":51,"column":2},"end":{"line":51,"column":51}},"type":"if","locations":[{"start":{"line":51,"column":2},"end":{"line":51,"column":51}}]},"5":{"loc":{"start":{"line":51,"column":6},"end":{"line":51,"column":39}},"type":"binary-expr","locations":[{"start":{"line":51,"column":6},"end":{"line":51,"column":20}},{"start":{"line":51,"column":24},"end":{"line":51,"column":39}}]},"6":{"loc":{"start":{"line":58,"column":4},"end":{"line":65,"column":5}},"type":"if","locations":[{"start":{"line":58,"column":4},"end":{"line":65,"column":5}}]},"7":{"loc":{"start":{"line":68,"column":4},"end":{"line":68,"column":28}},"type":"if","locations":[{"start":{"line":68,"column":4},"end":{"line":68,"column":28}}]},"8":{"loc":{"start":{"line":71,"column":4},"end":{"line":73,"column":5}},"type":"if","locations":[{"start":{"line":71,"column":4},"end":{"line":73,"column":5}}]},"9":{"loc":{"start":{"line":81,"column":6},"end":{"line":83,"column":7}},"type":"if","locations":[{"start":{"line":81,"column":6},"end":{"line":83,"column":7}}]}},"s":{"0":1,"1":15,"2":1,"3":14,"4":14,"5":14,"6":30,"7":14,"8":2,"9":12,"10":25,"11":12,"12":2,"13":2,"14":2,"15":2,"16":1,"17":1,"18":14,"19":0,"20":14,"21":14,"22":14,"23":14,"24":4,"25":4,"26":4,"27":14,"28":1,"29":13,"30":1,"31":13,"32":13,"33":30,"34":5,"35":25,"36":13,"37":0,"38":1},"f":{"0":15,"1":30,"2":25,"3":14,"4":30},"b":{"0":[1],"1":[15,14],"2":[2],"3":[2],"4":[0],"5":[14,14],"6":[4],"7":[1],"8":[1],"9":[5]}}
}
