TN:
SF:src/shared/util/string.ts
FN:8,(anonymous_0)
FN:17,(anonymous_1)
FN:27,(anonymous_2)
FN:49,(anonymous_3)
FN:79,(anonymous_4)
FNF:5
FNH:5
FNDA:15,(anonymous_0)
FNDA:30,(anonymous_1)
FNDA:25,(anonymous_2)
FNDA:14,(anonymous_3)
FNDA:30,(anonymous_4)
DA:8,1
DA:10,15
DA:12,14
DA:14,14
DA:17,30
DA:20,14
DA:21,2
DA:27,12
DA:28,25
DA:31,12
DA:34,2
DA:37,2
DA:39,2
DA:49,1
DA:51,14
DA:53,14
DA:54,14
DA:56,14
DA:58,14
DA:60,4
DA:62,4
DA:64,4
DA:68,14
DA:71,13
DA:72,1
DA:76,13
DA:79,13
DA:81,30
DA:82,5
DA:85,25
DA:88,13
DA:90,0
LF:32
LH:31
BRDA:10,0,0,1
BRDA:10,1,0,15
BRDA:10,1,1,14
BRDA:20,2,0,2
BRDA:37,3,0,2
BRDA:51,4,0,0
BRDA:51,5,0,14
BRDA:51,5,1,14
BRDA:58,6,0,4
BRDA:68,7,0,1
BRDA:71,8,0,1
BRDA:81,9,0,5
BRF:12
BRH:11
end_of_record
