<?xml version="1.0" encoding="UTF-8"?>
<coverage generated="1724914266565" clover="3.2.0">
  <project timestamp="1724914266565" name="All files">
    <metrics statements="25" coveredstatements="25" conditionals="10" coveredconditionals="10" methods="3" coveredmethods="3" elements="38" coveredelements="38" complexity="0" loc="25" ncloc="25" packages="1" files="1" classes="1"/>
    <file name="string.ts" path="/Users/shivankar.s/personal/stringTDD/src/shared/util/string.ts">
      <metrics statements="25" coveredstatements="25" conditionals="10" coveredconditionals="10" methods="3" coveredmethods="3"/>
      <line num="1" count="1" type="stmt"/>
      <line num="3" count="15" type="cond" truecount="3" falsecount="0"/>
      <line num="5" count="14" type="stmt"/>
      <line num="6" count="14" type="stmt"/>
      <line num="9" count="14" type="cond" truecount="1" falsecount="0"/>
      <line num="11" count="13" type="stmt"/>
      <line num="13" count="13" type="cond" truecount="1" falsecount="0"/>
      <line num="15" count="4" type="stmt"/>
      <line num="17" count="4" type="stmt"/>
      <line num="19" count="4" type="stmt"/>
      <line num="23" count="13" type="cond" truecount="1" falsecount="0"/>
      <line num="26" count="12" type="cond" truecount="1" falsecount="0"/>
      <line num="27" count="1" type="stmt"/>
      <line num="31" count="12" type="stmt"/>
      <line num="34" count="28" type="stmt"/>
      <line num="37" count="12" type="cond" truecount="1" falsecount="0"/>
      <line num="38" count="2" type="stmt"/>
      <line num="44" count="10" type="stmt"/>
      <line num="46" count="23" type="cond" truecount="1" falsecount="0"/>
      <line num="47" count="3" type="stmt"/>
      <line num="50" count="20" type="stmt"/>
      <line num="53" count="10" type="stmt"/>
      <line num="56" count="2" type="stmt"/>
      <line num="59" count="2" type="cond" truecount="1" falsecount="0"/>
      <line num="61" count="2" type="stmt"/>
    </file>
  </project>
</coverage>
