<?xml version="1.0" encoding="UTF-8"?>
<coverage generated="1724915180018" clover="3.2.0">
  <project timestamp="1724915180018" name="All files">
    <metrics statements="32" coveredstatements="31" conditionals="12" coveredconditionals="11" methods="5" coveredmethods="5" elements="49" coveredelements="47" complexity="0" loc="32" ncloc="32" packages="1" files="1" classes="1"/>
    <file name="string.ts" path="/Users/shivankar.s/personal/stringTDD/src/shared/util/string.ts">
      <metrics statements="32" coveredstatements="31" conditionals="12" coveredconditionals="11" methods="5" coveredmethods="5"/>
      <line num="8" count="1" type="stmt"/>
      <line num="10" count="15" type="cond" truecount="3" falsecount="0"/>
      <line num="12" count="14" type="stmt"/>
      <line num="14" count="14" type="stmt"/>
      <line num="17" count="30" type="stmt"/>
      <line num="20" count="14" type="cond" truecount="1" falsecount="0"/>
      <line num="21" count="2" type="stmt"/>
      <line num="27" count="12" type="stmt"/>
      <line num="28" count="25" type="stmt"/>
      <line num="31" count="12" type="stmt"/>
      <line num="34" count="2" type="stmt"/>
      <line num="37" count="2" type="cond" truecount="1" falsecount="0"/>
      <line num="39" count="2" type="stmt"/>
      <line num="49" count="1" type="stmt"/>
      <line num="51" count="14" type="cond" truecount="2" falsecount="1"/>
      <line num="53" count="14" type="stmt"/>
      <line num="54" count="14" type="stmt"/>
      <line num="56" count="14" type="stmt"/>
      <line num="58" count="14" type="cond" truecount="1" falsecount="0"/>
      <line num="60" count="4" type="stmt"/>
      <line num="62" count="4" type="stmt"/>
      <line num="64" count="4" type="stmt"/>
      <line num="68" count="14" type="cond" truecount="1" falsecount="0"/>
      <line num="71" count="13" type="cond" truecount="1" falsecount="0"/>
      <line num="72" count="1" type="stmt"/>
      <line num="76" count="13" type="stmt"/>
      <line num="79" count="13" type="stmt"/>
      <line num="81" count="30" type="cond" truecount="1" falsecount="0"/>
      <line num="82" count="5" type="stmt"/>
      <line num="85" count="25" type="stmt"/>
      <line num="88" count="13" type="stmt"/>
      <line num="90" count="0" type="stmt"/>
    </file>
  </project>
</coverage>
