{"/Users/shivankar.s/personal/stringTDD/src/shared/util/string.ts": {"path":"/Users/shivankar.s/personal/stringTDD/src/shared/util/string.ts","statementMap":{"0":{"start":{"line":1,"column":19},"end":{"line":63,"column":1}},"1":{"start":{"line":3,"column":2},"end":{"line":3,"column":50}},"2":{"start":{"line":3,"column":41},"end":{"line":3,"column":50}},"3":{"start":{"line":5,"column":27},"end":{"line":5,"column":30}},"4":{"start":{"line":6,"column":18},"end":{"line":6,"column":34}},"5":{"start":{"line":9,"column":2},"end":{"line":9,"column":45}},"6":{"start":{"line":9,"column":36},"end":{"line":9,"column":45}},"7":{"start":{"line":11,"column":2},"end":{"line":62,"column":3}},"8":{"start":{"line":13,"column":4},"end":{"line":20,"column":5}},"9":{"start":{"line":15,"column":32},"end":{"line":15,"column":54}},"10":{"start":{"line":17,"column":6},"end":{"line":17,"column":58}},"11":{"start":{"line":19,"column":6},"end":{"line":19,"column":53}},"12":{"start":{"line":23,"column":4},"end":{"line":23,"column":27}},"13":{"start":{"line":23,"column":18},"end":{"line":23,"column":27}},"14":{"start":{"line":26,"column":4},"end":{"line":28,"column":5}},"15":{"start":{"line":27,"column":6},"end":{"line":27,"column":49}},"16":{"start":{"line":31,"column":25},"end":{"line":31,"column":49}},"17":{"start":{"line":34,"column":28},"end":{"line":34,"column":71}},"18":{"start":{"line":34,"column":55},"end":{"line":34,"column":70}},"19":{"start":{"line":37,"column":4},"end":{"line":41,"column":5}},"20":{"start":{"line":38,"column":6},"end":{"line":40,"column":8}},"21":{"start":{"line":44,"column":19},"end":{"line":51,"column":9}},"22":{"start":{"line":46,"column":6},"end":{"line":48,"column":7}},"23":{"start":{"line":47,"column":8},"end":{"line":47,"column":26}},"24":{"start":{"line":50,"column":6},"end":{"line":50,"column":38}},"25":{"start":{"line":53,"column":4},"end":{"line":53,"column":18}},"26":{"start":{"line":56,"column":18},"end":{"line":56,"column":33}},"27":{"start":{"line":59,"column":4},"end":{"line":59,"column":56}},"28":{"start":{"line":59,"column":32},"end":{"line":59,"column":56}},"29":{"start":{"line":61,"column":4},"end":{"line":61,"column":29}},"30":{"start":{"line":1,"column":13},"end":{"line":1,"column":19}}},"fnMap":{"0":{"name":"(anonymous_0)","decl":{"start":{"line":1,"column":19},"end":{"line":1,"column":20}},"loc":{"start":{"line":1,"column":47},"end":{"line":63,"column":1}}},"1":{"name":"(anonymous_1)","decl":{"start":{"line":34,"column":48},"end":{"line":34,"column":49}},"loc":{"start":{"line":34,"column":55},"end":{"line":34,"column":70}}},"2":{"name":"(anonymous_2)","decl":{"start":{"line":44,"column":39},"end":{"line":44,"column":40}},"loc":{"start":{"line":44,"column":57},"end":{"line":51,"column":5}}}},"branchMap":{"0":{"loc":{"start":{"line":3,"column":2},"end":{"line":3,"column":50}},"type":"if","locations":[{"start":{"line":3,"column":2},"end":{"line":3,"column":50}}]},"1":{"loc":{"start":{"line":3,"column":6},"end":{"line":3,"column":39}},"type":"binary-expr","locations":[{"start":{"line":3,"column":6},"end":{"line":3,"column":20}},{"start":{"line":3,"column":24},"end":{"line":3,"column":39}}]},"2":{"loc":{"start":{"line":9,"column":2},"end":{"line":9,"column":45}},"type":"if","locations":[{"start":{"line":9,"column":2},"end":{"line":9,"column":45}}]},"3":{"loc":{"start":{"line":13,"column":4},"end":{"line":20,"column":5}},"type":"if","locations":[{"start":{"line":13,"column":4},"end":{"line":20,"column":5}}]},"4":{"loc":{"start":{"line":23,"column":4},"end":{"line":23,"column":27}},"type":"if","locations":[{"start":{"line":23,"column":4},"end":{"line":23,"column":27}}]},"5":{"loc":{"start":{"line":26,"column":4},"end":{"line":28,"column":5}},"type":"if","locations":[{"start":{"line":26,"column":4},"end":{"line":28,"column":5}}]},"6":{"loc":{"start":{"line":37,"column":4},"end":{"line":41,"column":5}},"type":"if","locations":[{"start":{"line":37,"column":4},"end":{"line":41,"column":5}}]},"7":{"loc":{"start":{"line":46,"column":6},"end":{"line":48,"column":7}},"type":"if","locations":[{"start":{"line":46,"column":6},"end":{"line":48,"column":7}}]},"8":{"loc":{"start":{"line":59,"column":4},"end":{"line":59,"column":56}},"type":"if","locations":[{"start":{"line":59,"column":4},"end":{"line":59,"column":56}}]}},"s":{"0":1,"1":15,"2":1,"3":14,"4":14,"5":14,"6":1,"7":13,"8":13,"9":4,"10":4,"11":4,"12":13,"13":1,"14":12,"15":1,"16":12,"17":12,"18":28,"19":12,"20":2,"21":10,"22":23,"23":3,"24":20,"25":10,"26":2,"27":2,"28":2,"29":2,"30":1},"f":{"0":15,"1":28,"2":23},"b":{"0":[1],"1":[15,14],"2":[1],"3":[4],"4":[1],"5":[1],"6":[2],"7":[3],"8":[2]}}
}
