TN:
SF:src/shared/util/string.ts
FN:1,(anonymous_0)
FN:34,(anonymous_1)
FN:44,(anonymous_2)
FNF:3
FNH:3
FNDA:15,(anonymous_0)
FNDA:28,(anonymous_1)
FNDA:23,(anonymous_2)
DA:1,1
DA:3,15
DA:5,14
DA:6,14
DA:9,14
DA:11,13
DA:13,13
DA:15,4
DA:17,4
DA:19,4
DA:23,13
DA:26,12
DA:27,1
DA:31,12
DA:34,28
DA:37,12
DA:38,2
DA:44,10
DA:46,23
DA:47,3
DA:50,20
DA:53,10
DA:56,2
DA:59,2
DA:61,2
LF:25
LH:25
BRDA:3,0,0,1
BRDA:3,1,0,15
BRDA:3,1,1,14
BRDA:9,2,0,1
BRDA:13,3,0,4
BRDA:23,4,0,1
BRDA:26,5,0,1
BRDA:37,6,0,2
BRDA:46,7,0,3
BRDA:59,8,0,2
BRF:10
BRH:10
end_of_record
