TN:
SF:src/shared/util/string.ts
FN:8,(anonymous_0)
FN:17,(anonymous_1)
FN:27,(anonymous_2)
FN:49,(anonymous_3)
FN:79,(anonymous_4)
FNF:5
FNH:5
FNDA:16,(anonymous_0)
FNDA:33,(anonymous_1)
FNDA:28,(anonymous_2)
FNDA:15,(anonymous_3)
FNDA:33,(anonymous_4)
DA:8,1
DA:10,16
DA:12,15
DA:14,15
DA:17,33
DA:20,15
DA:21,2
DA:27,13
DA:28,28
DA:31,13
DA:34,2
DA:37,2
DA:39,2
DA:49,1
DA:51,15
DA:53,15
DA:54,15
DA:56,15
DA:58,15
DA:60,4
DA:62,4
DA:64,4
DA:68,15
DA:71,14
DA:72,1
DA:76,14
DA:79,14
DA:81,33
DA:82,5
DA:85,28
DA:86,1
DA:89,27
DA:92,14
DA:94,0
LF:34
LH:33
BRDA:10,0,0,1
BRDA:10,1,0,16
BRDA:10,1,1,15
BRDA:20,2,0,2
BRDA:37,3,0,2
BRDA:51,4,0,0
BRDA:51,5,0,15
BRDA:51,5,1,15
BRDA:58,6,0,4
BRDA:68,7,0,1
BRDA:71,8,0,1
BRDA:81,9,0,5
BRDA:85,10,0,1
BRF:13
BRH:12
end_of_record
